<?xml version="1.0" encoding="UTF-8"?>
<testsuite name="com.kata.karatechop.BinarySearchTest" tests="2" skipped="0" failures="0" errors="0" timestamp="2019-03-16T20:08:16" hostname="User-PC" time="0.004">
  <properties/>
  <testcase name="longOddArray" classname="com.kata.karatechop.BinarySearchTest" time="0.002"/>
  <testcase name="notInArray" classname="com.kata.karatechop.BinarySearchTest" time="0.0"/>
  <system-out><![CDATA[]]></system-out>
  <system-err><![CDATA[]]></system-err>
</testsuite>
