<?xml version="1.0" encoding="UTF-8"?>
<testsuite name="com.kata.karatechop.BinarySearchTest" tests="1" skipped="0" failures="0" errors="0" timestamp="2019-03-16T21:51:53" hostname="User-PC" time="0.001">
  <properties/>
  <testcase name="longOddArray" classname="com.kata.karatechop.BinarySearchTest" time="0.001"/>
  <system-out><![CDATA[]]></system-out>
  <system-err><![CDATA[]]></system-err>
</testsuite>
